{
  "0 debug pnpm:scope": {
    "selected": 1
  },
  "1 info pnpm": {
    "err": {
      "name": "Error",
      "message": "not found: encore",
      "code": "ENOENT",
      "stack": "Error: not found: encore\n    at getNotFoundError (C:\\Users\\jeanv\\AppData\\Roaming\\npm\\pnpm-global\\5\\node_modules\\.pnpm\\pnpm@6.25.1\\node_modules\\pnpm\\dist\\pnpm.cjs:41491:51)\n    at Function.whichSync [as sync] (C:\\Users\\jeanv\\AppData\\Roaming\\npm\\pnpm-global\\5\\node_modules\\.pnpm\\pnpm@6.25.1\\node_modules\\pnpm\\dist\\pnpm.cjs:41568:13)\n    at getCommandAbsolutePathSync (C:\\Users\\jeanv\\AppData\\Roaming\\npm\\pnpm-global\\5\\node_modules\\.pnpm\\pnpm@6.25.1\\node_modules\\pnpm\\dist\\pnpm.cjs:43133:44)\n    at default_1 (C:\\Users\\jeanv\\AppData\\Roaming\\npm\\pnpm-global\\5\\node_modules\\.pnpm\\pnpm@6.25.1\\node_modules\\pnpm\\dist\\pnpm.cjs:43142:32)\n    at C:\\Users\\jeanv\\AppData\\Roaming\\npm\\pnpm-global\\5\\node_modules\\.pnpm\\pnpm@6.25.1\\node_modules\\pnpm\\dist\\pnpm.cjs:175683:39"
    }
  },
  "2 error pnpm": {
    "code": "ERR_PNPM_RECURSIVE_EXEC_FIRST_FAIL",
    "prefix": "C:\\Users\\jeanv\\Documents\\Formation\\correction\\MiamMiam",
    "err": {
      "name": "pnpm",
      "message": "not found: encore",
      "code": "ERR_PNPM_RECURSIVE_EXEC_FIRST_FAIL",
      "stack": "Error: not found: encore\n    at getNotFoundError (C:\\Users\\jeanv\\AppData\\Roaming\\npm\\pnpm-global\\5\\node_modules\\.pnpm\\pnpm@6.25.1\\node_modules\\pnpm\\dist\\pnpm.cjs:41491:51)\n    at Function.whichSync [as sync] (C:\\Users\\jeanv\\AppData\\Roaming\\npm\\pnpm-global\\5\\node_modules\\.pnpm\\pnpm@6.25.1\\node_modules\\pnpm\\dist\\pnpm.cjs:41568:13)\n    at getCommandAbsolutePathSync (C:\\Users\\jeanv\\AppData\\Roaming\\npm\\pnpm-global\\5\\node_modules\\.pnpm\\pnpm@6.25.1\\node_modules\\pnpm\\dist\\pnpm.cjs:43133:44)\n    at default_1 (C:\\Users\\jeanv\\AppData\\Roaming\\npm\\pnpm-global\\5\\node_modules\\.pnpm\\pnpm@6.25.1\\node_modules\\pnpm\\dist\\pnpm.cjs:43142:32)\n    at C:\\Users\\jeanv\\AppData\\Roaming\\npm\\pnpm-global\\5\\node_modules\\.pnpm\\pnpm@6.25.1\\node_modules\\pnpm\\dist\\pnpm.cjs:175683:39"
    }
  }
}